time=2026-02-27T22:37:23.613+05:00 level=INFO msg="Database connected"
time=2026-02-28T16:25:34.844+05:00 level=INFO msg="Database connected"
time=2026-02-28T16:25:34.866+05:00 level=ERROR msg="failed to connect database" !BADKEY="sql: unknown driver \"post\" (forgotten import?)"
time=2026-02-28T16:25:34.866+05:00 level=INFO msg="Database connnected successfuly"
time=2026-02-28T16:26:00.130+05:00 level=INFO msg="DB is nil!"
time=2026-02-28T16:26:14.360+05:00 level=INFO msg="DB is nil!"
time=2026-02-28T16:27:22.991+05:00 level=INFO msg="DB is nil!"
time=2026-02-28T16:27:33.392+05:00 level=INFO msg="DB is nil!"
time=2026-02-28T16:27:40.891+05:00 level=INFO msg="DB is nil!"
time=2026-02-28T16:27:48.985+05:00 level=INFO msg="DB is nil!"
time=2026-02-28T16:29:06.425+05:00 level=INFO msg="Database connected"
time=2026-02-28T16:29:06.448+05:00 level=ERROR msg="failed to connect database" !BADKEY="sql: unknown driver \"post\" (forgotten import?)"
time=2026-02-28T16:29:06.448+05:00 level=INFO msg="Database connnected successfuly"
time=2026-02-28T16:30:04.073+05:00 level=INFO msg="Database connected"
time=2026-02-28T16:30:04.093+05:00 level=ERROR msg="failed to connect database" !BADKEY="sql: unknown driver \"post\" (forgotten import?)"
time=2026-02-28T16:30:04.093+05:00 level=INFO msg="Database connnected successfuly"
time=2026-02-28T16:30:12.099+05:00 level=INFO msg="DB is nil!"
time=2026-02-28T16:40:11.556+05:00 level=INFO msg="Database connected"
time=2026-02-28T16:40:11.576+05:00 level=ERROR msg="failed to connect database" error="sql: unknown driver \"post\" (forgotten import?)"
time=2026-02-28T16:40:47.361+05:00 level=INFO msg="Database connected"
time=2026-02-28T16:40:47.380+05:00 level=ERROR msg="failed to connect database" error="sql: unknown driver \"post\" (forgotten import?)"
time=2026-02-28T16:40:54.545+05:00 level=INFO msg="Database connected"
time=2026-02-28T16:40:54.567+05:00 level=ERROR msg="failed to connect database" error="sql: unknown driver \"post\" (forgotten import?)"
time=2026-02-28T16:43:29.755+05:00 level=INFO msg="Database connected"
time=2026-02-28T16:43:29.774+05:00 level=ERROR msg="failed to connect database" error="sql: unknown driver \"post\" (forgotten import?)"
time=2026-02-28T16:43:29.774+05:00 level=INFO msg="Database connnected successfuly"
time=2026-02-28T16:43:40.731+05:00 level=INFO msg="DB is nil!"
time=2026-02-28T16:43:43.740+05:00 level=INFO msg="DB is nil!"
time=2026-02-28T16:57:13.498+05:00 level=INFO msg="Database connected"
time=2026-02-28T16:57:13.516+05:00 level=ERROR msg="DATABASE_URL not set"
time=2026-02-28T17:09:52.083+05:00 level=INFO msg="Database connected"
time=2026-02-28T17:10:12.776+05:00 level=INFO msg="Database connected"
time=2026-02-28T17:16:05.401+05:00 level=INFO msg="Database connected"
time=2026-02-28T17:18:07.964+05:00 level=INFO msg="Database init started"
time=2026-02-28T17:20:46.099+05:00 level=INFO msg="Database init started"
time=2026-02-28T17:20:46.130+05:00 level=INFO msg="Database connected"
time=2026-02-28T17:25:47.223+05:00 level=INFO msg="Database init started"
time=2026-02-28T17:25:47.261+05:00 level=INFO msg="Database connected"
time=2026-02-28T17:26:21.687+05:00 level=INFO msg="Database init started"
time=2026-02-28T17:26:21.729+05:00 level=INFO msg="Database connected"
time=2026-02-28T17:26:50.742+05:00 level=INFO msg="Ошибка при запросе к БД:" !BADKEY="no such table: quotes"
time=2026-02-28T17:30:03.290+05:00 level=INFO msg="Database init started"
time=2026-02-28T17:31:50.334+05:00 level=INFO msg="Database init started"
time=2026-02-28T17:31:50.388+05:00 level=INFO msg="Database connected"
time=2026-02-28T17:33:57.152+05:00 level=INFO msg="Database init started"
time=2026-02-28T17:34:34.769+05:00 level=INFO msg="Database init started"
time=2026-02-28T17:34:54.843+05:00 level=INFO msg="Database init started"
time=2026-02-28T17:35:14.257+05:00 level=INFO msg="Database init started"
time=2026-02-28T17:35:14.284+05:00 level=INFO msg=""
time=2026-02-28T17:35:28.540+05:00 level=INFO msg="Database init started"
time=2026-02-28T17:35:28.583+05:00 level=INFO msg=""
time=2026-02-28T17:39:06.476+05:00 level=INFO msg="Database init started"
time=2026-02-28T17:39:06.545+05:00 level=INFO msg=""
time=2026-02-28T17:41:00.490+05:00 level=INFO msg="Database init started"
time=2026-02-28T17:41:00.545+05:00 level=INFO msg=storage/quotes.db
time=2026-02-28T17:41:00.565+05:00 level=INFO msg="Database connected"
time=2026-02-28T17:47:51.249+05:00 level=INFO msg="Database init started"
time=2026-02-28T17:47:51.292+05:00 level=INFO msg=""
time=2026-02-28T17:57:43.614+05:00 level=INFO msg="Database init started"
time=2026-02-28T17:57:43.645+05:00 level=INFO msg=storage/quotes.db
time=2026-02-28T17:57:43.648+05:00 level=INFO msg="Database connected"
